<?xml version="1.0" encoding="UTF-8"?>
<!-- Generated by org.testng.reporters.JUnitXMLReporter -->
<testsuite ignored="1" hostname="EPESMALW0088" failures="0" tests="2" name="Default test" time="8.285" errors="0" timestamp="2022-01-03T06:04:20 CET">
  <testcase classname="com.computers.db.testcases.TC_001_AddNewComputer" name="addComputerCompleteTest" time="1.504"/>
  <testcase classname="com.computers.db.testcases.TC_001_AddNewComputer" name="addComputerCompleteTest" time="1.378"/>
  <testcase classname="com.computers.db.testcases.TC_001_AddNewComputer" name="addComputerJustNameTest" time="0.0">
    <ignored/>
  </testcase> <!-- addComputerJustNameTest -->
</testsuite> <!-- Default test -->
