<?xml version="1.0" encoding="UTF-8"?>
<!-- Generated by org.testng.reporters.JUnitXMLReporter -->
<testsuite ignored="0" hostname="EPESMALW0088" failures="0" tests="4" name="computersdb test" time="13.917" errors="0" timestamp="2022-01-03T07:51:05 CET">
  <testcase classname="com.computers.db.testcases.TC_001_AddNewComputer" name="addComputerCompleteTest" time="1.53"/>
  <testcase classname="com.computers.db.testcases.TC_001_AddNewComputer" name="addComputerCompleteTest" time="1.335"/>
  <testcase classname="com.computers.db.testcases.TC_001_AddNewComputer" name="addComputerJustNameTest" time="0.948"/>
  <testcase classname="com.computers.db.testcases.TC_002_EditComputer" name="addComputerJustNameTest" time="2.183"/>
</testsuite> <!-- computersdb test -->
