<?xml version="1.0" encoding="UTF-8"?>
<testng-results ignored="1" total="3" passed="2" failed="0" skipped="0">
  <reporter-output>
  </reporter-output>
  <suite started-at="2022-01-03T06:04:12 CET" name="Default suite" finished-at="2022-01-03T06:04:20 CET" duration-ms="8285">
    <groups>
    </groups>
    <test started-at="2022-01-03T06:04:12 CET" name="Default test" finished-at="2022-01-03T06:04:20 CET" duration-ms="8285">
      <class name="com.computers.db.testcases.TC_001_AddNewComputer">
        <test-method is-config="true" signature="setUp()[pri:0, instance:com.computers.db.testcases.TC_001_AddNewComputer@3e11f9e9]" started-at="2022-01-03T06:04:12 CET" name="setUp" finished-at="2022-01-03T06:04:16 CET" duration-ms="3851" status="PASS">
          <reporter-output>
          </reporter-output>
        </test-method> <!-- setUp -->
        <test-method signature="addComputerCompleteTest(java.lang.String,java.lang.String,java.lang.String,java.lang.String)[pri:0, instance:com.computers.db.testcases.TC_001_AddNewComputer@3e11f9e9]" started-at="2022-01-03T06:04:17 CET" name="addComputerCompleteTest" data-provider="TestData" finished-at="2022-01-03T06:04:18 CET" duration-ms="1504" status="PASS">
          <params>
            <param index="0">
              <value>
                <![CDATA[HP001]]>
              </value>
            </param>
            <param index="1">
              <value>
                <![CDATA[1998-09-21]]>
              </value>
            </param>
            <param index="2">
              <value>
                <![CDATA[2225-09-21]]>
              </value>
            </param>
            <param index="3">
              <value>
                <![CDATA[Hewlett-Packard]]>
              </value>
            </param>
          </params>
          <reporter-output>
          </reporter-output>
        </test-method> <!-- addComputerCompleteTest -->
        <test-method signature="addComputerCompleteTest(java.lang.String,java.lang.String,java.lang.String,java.lang.String)[pri:0, instance:com.computers.db.testcases.TC_001_AddNewComputer@3e11f9e9]" started-at="2022-01-03T06:04:18 CET" name="addComputerCompleteTest" data-provider="TestData" finished-at="2022-01-03T06:04:20 CET" duration-ms="1378" status="PASS">
          <params>
            <param index="0">
              <value>
                <![CDATA[HP002]]>
              </value>
            </param>
            <param index="1">
              <value>
                <![CDATA[1998-09-21]]>
              </value>
            </param>
            <param index="2">
              <value>
                <![CDATA[2225-09-21]]>
              </value>
            </param>
            <param index="3">
              <value>
                <![CDATA[Hewlett-Packard]]>
              </value>
            </param>
          </params>
          <reporter-output>
          </reporter-output>
        </test-method> <!-- addComputerCompleteTest -->
        <test-method is-config="true" signature="tearUp()[pri:0, instance:com.computers.db.testcases.TC_001_AddNewComputer@3e11f9e9]" started-at="2022-01-03T06:04:20 CET" name="tearUp" finished-at="2022-01-03T06:04:20 CET" duration-ms="688" status="PASS">
          <reporter-output>
          </reporter-output>
        </test-method> <!-- tearUp -->
      </class> <!-- com.computers.db.testcases.TC_001_AddNewComputer -->
    </test> <!-- Default test -->
  </suite> <!-- Default suite -->
</testng-results>
